Build started 22-Sep-13 12:49:31 PM.
     1>Project "C:\Users\Sunny\Documents\Visual Studio 2012\Projects\eyeballdetect\eyeballdetect\eyeballdetect.vcxproj" on node 2 (Build target(s)).
     1>InitializeBuildStatus:
         Creating "Debug\eyeballdetect.unsuccessfulbuild" because "AlwaysCreate" was specified.
       ClCompile:
         C:\Program Files (x86)\Microsoft Visual Studio 11.0\VC\bin\CL.exe /c /IC:\opencv\build\include /I"C:\Program Files\Microsoft Platform SDK\Include\mfc\\" /ZI /nologo /W3 /WX- /sdl /Od /Oy- /D WIN32 /D _DEBUG /D _CONSOLE /D _UNICODE /D UNICODE /Gm /EHsc /RTC1 /MDd /GS /fp:precise /Zc:wchar_t /Zc:forScope /Fo"Debug\\" /Fd"Debug\vc110.pdb" /Gd /TP /analyze- /errorReport:prompt "eyeLike-master\src\main.cpp"
         main.cpp
     1>c:\users\sunny\documents\visual studio 2012\projects\eyeballdetect\eyeballdetect\eyelike-master\src\constants.h(15): warning C4305: 'initializing' : truncation from 'double' to 'const float'
     1>c:\users\sunny\documents\visual studio 2012\projects\eyeballdetect\eyeballdetect\eyelike-master\src\constants.h(26): warning C4305: 'initializing' : truncation from 'double' to 'const float'
     1>c:\users\sunny\documents\visual studio 2012\projects\eyeballdetect\eyeballdetect\eyelike-master\src\main.cpp(103): warning C4244: 'argument' : conversion from 'double' to 'int', possible loss of data
     1>c:\users\sunny\documents\visual studio 2012\projects\eyeballdetect\eyeballdetect\eyelike-master\src\main.cpp(155): warning C4244: 'initializing' : conversion from 'double' to 'int', possible loss of data
     1>c:\users\sunny\documents\visual studio 2012\projects\eyeballdetect\eyeballdetect\eyelike-master\src\main.cpp(156): warning C4244: 'initializing' : conversion from 'double' to 'int', possible loss of data
     1>c:\users\sunny\documents\visual studio 2012\projects\eyeballdetect\eyeballdetect\eyelike-master\src\main.cpp(157): warning C4244: 'initializing' : conversion from 'double' to 'int', possible loss of data
     1>c:\users\sunny\documents\visual studio 2012\projects\eyeballdetect\eyeballdetect\eyelike-master\src\main.cpp(159): warning C4244: 'argument' : conversion from 'double' to 'int', possible loss of data
     1>c:\users\sunny\documents\visual studio 2012\projects\eyeballdetect\eyeballdetect\eyelike-master\src\main.cpp(161): warning C4244: 'argument' : conversion from 'double' to 'int', possible loss of data
     1>c:\users\sunny\documents\visual studio 2012\projects\eyeballdetect\eyeballdetect\eyelike-master\src\main.cpp(307): warning C4018: '<' : signed/unsigned mismatch
       Link:
         C:\Program Files (x86)\Microsoft Visual Studio 11.0\VC\bin\link.exe /ERRORREPORT:PROMPT /OUT:"C:\Users\Sunny\Documents\Visual Studio 2012\Projects\eyeballdetect\Debug\eyeballdetect.exe" /INCREMENTAL /NOLOGO /LIBPATH:C:\opencv\build\x86\vc10\lib /LIBPATH:"C:\Program Files\Microsoft Platform SDK\lib\\" opencv_core244d.lib opencv_imgproc244d.lib opencv_highgui244d.lib opencv_ml244d.lib opencv_video244d.lib opencv_features2d244d.lib opencv_calib3d244d.lib opencv_objdetect244d.lib opencv_contrib244d.lib opencv_legacy244d.lib opencv_flann244d.lib kernel32.lib user32.lib gdi32.lib winspool.lib comdlg32.lib advapi32.lib shell32.lib ole32.lib oleaut32.lib uuid.lib odbc32.lib odbccp32.lib /MANIFEST /MANIFESTUAC:"level='asInvoker' uiAccess='false'" /manifest:embed /DEBUG /PDB:"C:\Users\Sunny\Documents\Visual Studio 2012\Projects\eyeballdetect\Debug\eyeballdetect.pdb" /SUBSYSTEM:CONSOLE /TLBID:1 /DYNAMICBASE /NXCOMPAT /IMPLIB:"C:\Users\Sunny\Documents\Visual Studio 2012\Projects\eyeballdetect\Debug\eyeballdetect.lib" /MACHINE:X86 Debug\findEyeCenter.obj
         Debug\findEyeCorner.obj
         Debug\helpers.obj
         Debug\main.obj
         eyeballdetect.vcxproj -> C:\Users\Sunny\Documents\Visual Studio 2012\Projects\eyeballdetect\Debug\eyeballdetect.exe
       FinalizeBuildStatus:
         Deleting file "Debug\eyeballdetect.unsuccessfulbuild".
         Touching "Debug\eyeballdetect.lastbuildstate".
     1>Done Building Project "C:\Users\Sunny\Documents\Visual Studio 2012\Projects\eyeballdetect\eyeballdetect\eyeballdetect.vcxproj" (Build target(s)).

Build succeeded.

Time Elapsed 00:00:02.69
